<?xml version="1.0" encoding="UTF-8"?>
<testsuite xmlns:xsi="http://www.w3.org/2001/XMLSchema-instance" xsi:noNamespaceSchemaLocation="https://maven.apache.org/surefire/maven-surefire-plugin/xsd/surefire-test-report-3.0.xsd" version="3.0" name="project02.BusinessTeamTest" time="0.206" tests="14" errors="0" skipped="0" failures="0">
  <properties>
    <property name="java.specification.version" value="20"/>
    <property name="sun.jnu.encoding" value="UTF-8"/>
    <property name="java.class.path" value="/Users/samin/sharetreatsPreProject/project02/target/test-classes:/Users/samin/sharetreatsPreProject/project02/target/classes:/Users/samin/.m2/repository/org/junit/jupiter/junit-jupiter-api/5.9.3/junit-jupiter-api-5.9.3.jar:/Users/samin/.m2/repository/org/opentest4j/opentest4j/1.2.0/opentest4j-1.2.0.jar:/Users/samin/.m2/repository/org/junit/platform/junit-platform-commons/1.9.3/junit-platform-commons-1.9.3.jar:/Users/samin/.m2/repository/org/apiguardian/apiguardian-api/1.1.2/apiguardian-api-1.1.2.jar:/Users/samin/.m2/repository/org/junit/jupiter/junit-jupiter-engine/5.9.3/junit-jupiter-engine-5.9.3.jar:/Users/samin/.m2/repository/org/junit/platform/junit-platform-engine/1.9.3/junit-platform-engine-1.9.3.jar:"/>
    <property name="java.vm.vendor" value="Homebrew"/>
    <property name="sun.arch.data.model" value="64"/>
    <property name="java.vendor.url" value="https://github.com/Homebrew/homebrew-core/issues"/>
    <property name="user.timezone" value="Asia/Seoul"/>
    <property name="os.name" value="Mac OS X"/>
    <property name="java.vm.specification.version" value="20"/>
    <property name="sun.java.launcher" value="SUN_STANDARD"/>
    <property name="user.country" value="KR"/>
    <property name="sun.boot.library.path" value="/usr/local/Cellar/openjdk/20.0.1/libexec/openjdk.jdk/Contents/Home/lib"/>
    <property name="sun.java.command" value="/Users/samin/sharetreatsPreProject/project02/target/surefire/surefirebooter-20230605040138689_3.jar /Users/samin/sharetreatsPreProject/project02/target/surefire 2023-06-05T04-01-38_616-jvmRun1 surefire-20230605040138689_1tmp surefire_0-20230605040138689_2tmp"/>
    <property name="http.nonProxyHosts" value="local|*.local|169.254/16|*.169.254/16"/>
    <property name="jdk.debug" value="release"/>
    <property name="surefire.test.class.path" value="/Users/samin/sharetreatsPreProject/project02/target/test-classes:/Users/samin/sharetreatsPreProject/project02/target/classes:/Users/samin/.m2/repository/org/junit/jupiter/junit-jupiter-api/5.9.3/junit-jupiter-api-5.9.3.jar:/Users/samin/.m2/repository/org/opentest4j/opentest4j/1.2.0/opentest4j-1.2.0.jar:/Users/samin/.m2/repository/org/junit/platform/junit-platform-commons/1.9.3/junit-platform-commons-1.9.3.jar:/Users/samin/.m2/repository/org/apiguardian/apiguardian-api/1.1.2/apiguardian-api-1.1.2.jar:/Users/samin/.m2/repository/org/junit/jupiter/junit-jupiter-engine/5.9.3/junit-jupiter-engine-5.9.3.jar:/Users/samin/.m2/repository/org/junit/platform/junit-platform-engine/1.9.3/junit-platform-engine-1.9.3.jar:"/>
    <property name="sun.cpu.endian" value="little"/>
    <property name="user.home" value="/Users/samin"/>
    <property name="user.language" value="ko"/>
    <property name="java.specification.vendor" value="Oracle Corporation"/>
    <property name="java.version.date" value="2023-04-18"/>
    <property name="java.home" value="/usr/local/Cellar/openjdk/20.0.1/libexec/openjdk.jdk/Contents/Home"/>
    <property name="file.separator" value="/"/>
    <property name="basedir" value="/Users/samin/sharetreatsPreProject/project02"/>
    <property name="java.vm.compressedOopsMode" value="Zero based"/>
    <property name="line.separator" value="&#10;"/>
    <property name="java.vm.specification.vendor" value="Oracle Corporation"/>
    <property name="java.specification.name" value="Java Platform API Specification"/>
    <property name="apple.awt.application.name" value="ForkedBooter"/>
    <property name="surefire.real.class.path" value="/Users/samin/sharetreatsPreProject/project02/target/surefire/surefirebooter-20230605040138689_3.jar"/>
    <property name="sun.management.compiler" value="HotSpot 64-Bit Tiered Compilers"/>
    <property name="ftp.nonProxyHosts" value="local|*.local|169.254/16|*.169.254/16"/>
    <property name="java.runtime.version" value="20.0.1"/>
    <property name="user.name" value="samin"/>
    <property name="stdout.encoding" value="UTF-8"/>
    <property name="path.separator" value=":"/>
    <property name="os.version" value="13.0.1"/>
    <property name="java.runtime.name" value="OpenJDK Runtime Environment"/>
    <property name="file.encoding" value="UTF-8"/>
    <property name="java.vm.name" value="OpenJDK 64-Bit Server VM"/>
    <property name="java.vendor.version" value="Homebrew"/>
    <property name="localRepository" value="/Users/samin/.m2/repository"/>
    <property name="java.vendor.url.bug" value="https://github.com/Homebrew/homebrew-core/issues"/>
    <property name="java.io.tmpdir" value="/var/folders/ft/dbb7qmn107d5cf7hq4m8shzh0000gn/T/"/>
    <property name="java.version" value="20.0.1"/>
    <property name="user.dir" value="/Users/samin/sharetreatsPreProject/project02"/>
    <property name="os.arch" value="x86_64"/>
    <property name="java.vm.specification.name" value="Java Virtual Machine Specification"/>
    <property name="native.encoding" value="UTF-8"/>
    <property name="java.library.path" value="/Users/samin/Library/Java/Extensions:/Library/Java/Extensions:/Network/Library/Java/Extensions:/System/Library/Java/Extensions:/usr/lib/java:."/>
    <property name="java.vm.info" value="mixed mode, sharing"/>
    <property name="stderr.encoding" value="UTF-8"/>
    <property name="java.vendor" value="Homebrew"/>
    <property name="java.vm.version" value="20.0.1"/>
    <property name="sun.io.unicode.encoding" value="UnicodeBig"/>
    <property name="socksNonProxyHosts" value="local|*.local|169.254/16|*.169.254/16"/>
    <property name="java.class.version" value="64.0"/>
  </properties>
  <testcase name="businessTeamTest05HappyCase" classname="project02.BusinessTeamTest" time="0.021"/>
  <testcase name="businessTeamTest04HappyCase" classname="project02.BusinessTeamTest" time="0.034">
    <system-out><![CDATA[[빠칭코 상품 뽑기 서비스]
명령어를 입력해주세요


현재 남은 잔액은 10000원 입니다
[------HELP------]
응모 : DRAW [시행횟수]
충전 : INSERT
종료 : EXIT
Chicken 당첨 되었습니다.
Cider 당첨 되었습니다.
cola 당첨 되었습니다.
유통기한이 지난 상품입니다 2023-03-21T01:00:32+09:00
 100원을 환불해 드립니다.
100 원이 충전 되었습니다.
유통기한이 지난 상품입니다 2023-03-21T01:00:32+09:00
 100원을 환불해 드립니다.
100 원이 충전 되었습니다.
재고가 부족합니다. 100원을 환불해 드립니다.
 100원을 환불해 드립니다.
100 원이 충전 되었습니다.
재고가 부족합니다. 100원을 환불해 드립니다.
 100원을 환불해 드립니다.
100 원이 충전 되었습니다.
재고가 부족합니다. 100원을 환불해 드립니다.
 100원을 환불해 드립니다.
100 원이 충전 되었습니다.
재고가 부족합니다. 100원을 환불해 드립니다.
 100원을 환불해 드립니다.
100 원이 충전 되었습니다.
재고가 부족합니다. 100원을 환불해 드립니다.
 100원을 환불해 드립니다.
100 원이 충전 되었습니다.

현재 남은 잔액은 9700원 입니다
[------HELP------]
응모 : DRAW [시행횟수]
충전 : INSERT
종료 : EXIT
]]></system-out>
  </testcase>
  <testcase name="businessTeamTest03HappyCase" classname="project02.BusinessTeamTest" time="0.003">
    <system-out><![CDATA[[빠칭코 상품 뽑기 서비스]
명령어를 입력해주세요


현재 남은 잔액은 10000원 입니다
[------HELP------]
응모 : DRAW [시행횟수]
충전 : INSERT
종료 : EXIT
10000 원이 충전 되었습니다.

현재 남은 잔액은 20000원 입니다
[------HELP------]
응모 : DRAW [시행횟수]
충전 : INSERT
종료 : EXIT
꽝 입니다
Chicken 당첨 되었습니다.

현재 남은 잔액은 19800원 입니다
[------HELP------]
응모 : DRAW [시행횟수]
충전 : INSERT
종료 : EXIT
]]></system-out>
  </testcase>
  <testcase name="businessTeamTest02HappyCase" classname="project02.BusinessTeamTest" time="0.002">
    <system-out><![CDATA[[빠칭코 상품 뽑기 서비스]
명령어를 입력해주세요


현재 남은 잔액은 10000원 입니다
[------HELP------]
응모 : DRAW [시행횟수]
충전 : INSERT
종료 : EXIT
Chicken 당첨 되었습니다.
Cider 당첨 되었습니다.

현재 남은 잔액은 9800원 입니다
[------HELP------]
응모 : DRAW [시행횟수]
충전 : INSERT
종료 : EXIT
]]></system-out>
  </testcase>
  <testcase name="businessTeamTest01HappyCase" classname="project02.BusinessTeamTest" time="0.002">
    <system-out><![CDATA[[빠칭코 상품 뽑기 서비스]
명령어를 입력해주세요


현재 남은 잔액은 10000원 입니다
[------HELP------]
응모 : DRAW [시행횟수]
충전 : INSERT
종료 : EXIT
100 원이 충전 되었습니다.

현재 남은 잔액은 10100원 입니다
[------HELP------]
응모 : DRAW [시행횟수]
충전 : INSERT
종료 : EXIT
]]></system-out>
  </testcase>
  <testcase name="businessTeamTest03ErrorCase" classname="project02.BusinessTeamTest" time="0.002">
    <system-out><![CDATA[[빠칭코 상품 뽑기 서비스]
명령어를 입력해주세요


현재 남은 잔액은 10000원 입니다
[------HELP------]
응모 : DRAW [시행횟수]
충전 : INSERT
종료 : EXIT
ERROR : 충전 금액을 입력해 주세요

현재 남은 잔액은 10000원 입니다
[------HELP------]
응모 : DRAW [시행횟수]
충전 : INSERT
종료 : EXIT
ERROR : 2147483647 이하의 숫자만 입력해 주세요.

현재 남은 잔액은 10000원 입니다
[------HELP------]
응모 : DRAW [시행횟수]
충전 : INSERT
종료 : EXIT
ERROR : 2147483647 이하의 숫자만 입력해 주세요.

현재 남은 잔액은 10000원 입니다
[------HELP------]
응모 : DRAW [시행횟수]
충전 : INSERT
종료 : EXIT
]]></system-out>
  </testcase>
  <testcase name="businessTeamTest02ErrorCase" classname="project02.BusinessTeamTest" time="0.002">
    <system-out><![CDATA[[빠칭코 상품 뽑기 서비스]
명령어를 입력해주세요


현재 남은 잔액은 10000원 입니다
[------HELP------]
응모 : DRAW [시행횟수]
충전 : INSERT
종료 : EXIT
ERROR : 2147483647 이하의 숫자만 입력해 주세요.

현재 남은 잔액은 10000원 입니다
[------HELP------]
응모 : DRAW [시행횟수]
충전 : INSERT
종료 : EXIT
]]></system-out>
  </testcase>
  <testcase name="businessTeamTest01ErrorCase" classname="project02.BusinessTeamTest" time="0.002">
    <system-out><![CDATA[[빠칭코 상품 뽑기 서비스]
명령어를 입력해주세요


현재 남은 잔액은 10000원 입니다
[------HELP------]
응모 : DRAW [시행횟수]
충전 : INSERT
종료 : EXIT
ERROR : 2147483647 이하의 숫자만 입력해 주세요.

현재 남은 잔액은 10000원 입니다
[------HELP------]
응모 : DRAW [시행횟수]
충전 : INSERT
종료 : EXIT
]]></system-out>
  </testcase>
  <testcase name="businessTeamTest11HappyCase" classname="project02.BusinessTeamTest" time="0.003">
    <system-out><![CDATA[[빠칭코 상풍등록 시스템]

[상품정보 형식 도움말]
상풍명, 등급(A 또는 B), 유통기한  | 예시 :  CHICKEN, A, 2024-03-23T02:20:19+09:00
END : 종료

상품정보를 입력해주세요
ERROR : A, B 등급의 상품은 최소 2종류 이상 준비해야 합니다.
]]></system-out>
  </testcase>
  <testcase name="businessTeamTest10HappyCase" classname="project02.BusinessTeamTest" time="0.03">
    <system-out><![CDATA[[빠칭코 상품 뽑기 서비스]
명령어를 입력해주세요


현재 남은 잔액은 10000원 입니다
[------HELP------]
응모 : DRAW [시행횟수]
충전 : INSERT
종료 : EXIT
100000 원이 충전 되었습니다.

현재 남은 잔액은 110000원 입니다
[------HELP------]
응모 : DRAW [시행횟수]
충전 : INSERT
종료 : EXIT
mock 당첨 되었습니다.
mock 당첨 되었습니다.
mock 당첨 되었습니다.
mock 당첨 되었습니다.
mock 당첨 되었습니다.
mock 당첨 되었습니다.
mock 당첨 되었습니다.
mock 당첨 되었습니다.
mock 당첨 되었습니다.
mock 당첨 되었습니다.
mock 당첨 되었습니다.
mock 당첨 되었습니다.
mock 당첨 되었습니다.
mock 당첨 되었습니다.
mock 당첨 되었습니다.
꽝 입니다
mock 당첨 되었습니다.
mock 당첨 되었습니다.
mock 당첨 되었습니다.
mock 당첨 되었습니다.
mock 당첨 되었습니다.
mock 당첨 되었습니다.
mock 당첨 되었습니다.
mock 당첨 되었습니다.
mock 당첨 되었습니다.
mock 당첨 되었습니다.
mock 당첨 되었습니다.
mock 당첨 되었습니다.
mock 당첨 되었습니다.
mock 당첨 되었습니다.
mock 당첨 되었습니다.
mock 당첨 되었습니다.
mock 당첨 되었습니다.
mock 당첨 되었습니다.
꽝 입니다
mock 당첨 되었습니다.
mock 당첨 되었습니다.
mock 당첨 되었습니다.
mock 당첨 되었습니다.
mock 당첨 되었습니다.
꽝 입니다
mock 당첨 되었습니다.
mock 당첨 되었습니다.
mock 당첨 되었습니다.
mock 당첨 되었습니다.
mock 당첨 되었습니다.
mock 당첨 되었습니다.
꽝 입니다
mock 당첨 되었습니다.
mock 당첨 되었습니다.
mock 당첨 되었습니다.
mock 당첨 되었습니다.
mock 당첨 되었습니다.
mock 당첨 되었습니다.
꽝 입니다
mock 당첨 되었습니다.
mock 당첨 되었습니다.
mock 당첨 되었습니다.
mock 당첨 되었습니다.
mock 당첨 되었습니다.
mock 당첨 되었습니다.
mock 당첨 되었습니다.
mock 당첨 되었습니다.
mock 당첨 되었습니다.
mock 당첨 되었습니다.
mock 당첨 되었습니다.
꽝 입니다
mock 당첨 되었습니다.
mock 당첨 되었습니다.
꽝 입니다
mock 당첨 되었습니다.
mock 당첨 되었습니다.
mock 당첨 되었습니다.
mock 당첨 되었습니다.
mock 당첨 되었습니다.
mock 당첨 되었습니다.
mock 당첨 되었습니다.
mock 당첨 되었습니다.
mock 당첨 되었습니다.
mock 당첨 되었습니다.
mock 당첨 되었습니다.
mock 당첨 되었습니다.
mock 당첨 되었습니다.
mock 당첨 되었습니다.
mock 당첨 되었습니다.
mock 당첨 되었습니다.
꽝 입니다
mock 당첨 되었습니다.
mock 당첨 되었습니다.
꽝 입니다
mock 당첨 되었습니다.
mock 당첨 되었습니다.
mock 당첨 되었습니다.
mock 당첨 되었습니다.
mock 당첨 되었습니다.
mock 당첨 되었습니다.
꽝 입니다
mock 당첨 되었습니다.
mock 당첨 되었습니다.
mock 당첨 되었습니다.
mock 당첨 되었습니다.
mock 당첨 되었습니다.
mock 당첨 되었습니다.
mock 당첨 되었습니다.
mock 당첨 되었습니다.
꽝 입니다
mock 당첨 되었습니다.
mock 당첨 되었습니다.
mock 당첨 되었습니다.
꽝 입니다
mock 당첨 되었습니다.
Gold 당첨 되었습니다.
mock 당첨 되었습니다.
꽝 입니다
재고가 부족합니다. 100원을 환불해 드립니다.
 100원을 환불해 드립니다.
100 원이 충전 되었습니다.
재고가 부족합니다. 100원을 환불해 드립니다.
 100원을 환불해 드립니다.
100 원이 충전 되었습니다.
꽝 입니다
재고가 부족합니다. 100원을 환불해 드립니다.
 100원을 환불해 드립니다.
100 원이 충전 되었습니다.
재고가 부족합니다. 100원을 환불해 드립니다.
 100원을 환불해 드립니다.
100 원이 충전 되었습니다.
꽝 입니다
재고가 부족합니다. 100원을 환불해 드립니다.
 100원을 환불해 드립니다.
100 원이 충전 되었습니다.
재고가 부족합니다. 100원을 환불해 드립니다.
 100원을 환불해 드립니다.
100 원이 충전 되었습니다.
재고가 부족합니다. 100원을 환불해 드립니다.
 100원을 환불해 드립니다.
100 원이 충전 되었습니다.
재고가 부족합니다. 100원을 환불해 드립니다.
 100원을 환불해 드립니다.
100 원이 충전 되었습니다.
재고가 부족합니다. 100원을 환불해 드립니다.
 100원을 환불해 드립니다.
100 원이 충전 되었습니다.
재고가 부족합니다. 100원을 환불해 드립니다.
 100원을 환불해 드립니다.
100 원이 충전 되었습니다.
재고가 부족합니다. 100원을 환불해 드립니다.
 100원을 환불해 드립니다.
100 원이 충전 되었습니다.
재고가 부족합니다. 100원을 환불해 드립니다.
 100원을 환불해 드립니다.
100 원이 충전 되었습니다.
재고가 부족합니다. 100원을 환불해 드립니다.
 100원을 환불해 드립니다.
100 원이 충전 되었습니다.
재고가 부족합니다. 100원을 환불해 드립니다.
 100원을 환불해 드립니다.
100 원이 충전 되었습니다.
재고가 부족합니다. 100원을 환불해 드립니다.
 100원을 환불해 드립니다.
100 원이 충전 되었습니다.
재고가 부족합니다. 100원을 환불해 드립니다.
 100원을 환불해 드립니다.
100 원이 충전 되었습니다.
재고가 부족합니다. 100원을 환불해 드립니다.
 100원을 환불해 드립니다.
100 원이 충전 되었습니다.
재고가 부족합니다. 100원을 환불해 드립니다.
 100원을 환불해 드립니다.
100 원이 충전 되었습니다.
재고가 부족합니다. 100원을 환불해 드립니다.
 100원을 환불해 드립니다.
100 원이 충전 되었습니다.
재고가 부족합니다. 100원을 환불해 드립니다.
 100원을 환불해 드립니다.
100 원이 충전 되었습니다.
재고가 부족합니다. 100원을 환불해 드립니다.
 100원을 환불해 드립니다.
100 원이 충전 되었습니다.
재고가 부족합니다. 100원을 환불해 드립니다.
 100원을 환불해 드립니다.
100 원이 충전 되었습니다.
재고가 부족합니다. 100원을 환불해 드립니다.
 100원을 환불해 드립니다.
100 원이 충전 되었습니다.
재고가 부족합니다. 100원을 환불해 드립니다.
 100원을 환불해 드립니다.
100 원이 충전 되었습니다.
재고가 부족합니다. 100원을 환불해 드립니다.
 100원을 환불해 드립니다.
100 원이 충전 되었습니다.
재고가 부족합니다. 100원을 환불해 드립니다.
 100원을 환불해 드립니다.
100 원이 충전 되었습니다.
재고가 부족합니다. 100원을 환불해 드립니다.
 100원을 환불해 드립니다.
100 원이 충전 되었습니다.
재고가 부족합니다. 100원을 환불해 드립니다.
 100원을 환불해 드립니다.
100 원이 충전 되었습니다.
재고가 부족합니다. 100원을 환불해 드립니다.
 100원을 환불해 드립니다.
100 원이 충전 되었습니다.
재고가 부족합니다. 100원을 환불해 드립니다.
 100원을 환불해 드립니다.
100 원이 충전 되었습니다.
꽝 입니다
재고가 부족합니다. 100원을 환불해 드립니다.
 100원을 환불해 드립니다.
100 원이 충전 되었습니다.
재고가 부족합니다. 100원을 환불해 드립니다.
 100원을 환불해 드립니다.
100 원이 충전 되었습니다.
재고가 부족합니다. 100원을 환불해 드립니다.
 100원을 환불해 드립니다.
100 원이 충전 되었습니다.
재고가 부족합니다. 100원을 환불해 드립니다.
 100원을 환불해 드립니다.
100 원이 충전 되었습니다.
재고가 부족합니다. 100원을 환불해 드립니다.
 100원을 환불해 드립니다.
100 원이 충전 되었습니다.
재고가 부족합니다. 100원을 환불해 드립니다.
 100원을 환불해 드립니다.
100 원이 충전 되었습니다.
재고가 부족합니다. 100원을 환불해 드립니다.
 100원을 환불해 드립니다.
100 원이 충전 되었습니다.
재고가 부족합니다. 100원을 환불해 드립니다.
 100원을 환불해 드립니다.
100 원이 충전 되었습니다.
재고가 부족합니다. 100원을 환불해 드립니다.
 100원을 환불해 드립니다.
100 원이 충전 되었습니다.
재고가 부족합니다. 100원을 환불해 드립니다.
 100원을 환불해 드립니다.
100 원이 충전 되었습니다.
재고가 부족합니다. 100원을 환불해 드립니다.
 100원을 환불해 드립니다.
100 원이 충전 되었습니다.
재고가 부족합니다. 100원을 환불해 드립니다.
 100원을 환불해 드립니다.
100 원이 충전 되었습니다.
재고가 부족합니다. 100원을 환불해 드립니다.
 100원을 환불해 드립니다.
100 원이 충전 되었습니다.
재고가 부족합니다. 100원을 환불해 드립니다.
 100원을 환불해 드립니다.
100 원이 충전 되었습니다.
재고가 부족합니다. 100원을 환불해 드립니다.
 100원을 환불해 드립니다.
100 원이 충전 되었습니다.
재고가 부족합니다. 100원을 환불해 드립니다.
 100원을 환불해 드립니다.
100 원이 충전 되었습니다.
재고가 부족합니다. 100원을 환불해 드립니다.
 100원을 환불해 드립니다.
100 원이 충전 되었습니다.
재고가 부족합니다. 100원을 환불해 드립니다.
 100원을 환불해 드립니다.
100 원이 충전 되었습니다.
재고가 부족합니다. 100원을 환불해 드립니다.
 100원을 환불해 드립니다.
100 원이 충전 되었습니다.
재고가 부족합니다. 100원을 환불해 드립니다.
 100원을 환불해 드립니다.
100 원이 충전 되었습니다.
재고가 부족합니다. 100원을 환불해 드립니다.
 100원을 환불해 드립니다.
100 원이 충전 되었습니다.
재고가 부족합니다. 100원을 환불해 드립니다.
 100원을 환불해 드립니다.
100 원이 충전 되었습니다.
재고가 부족합니다. 100원을 환불해 드립니다.
 100원을 환불해 드립니다.
100 원이 충전 되었습니다.
재고가 부족합니다. 100원을 환불해 드립니다.
 100원을 환불해 드립니다.
100 원이 충전 되었습니다.
재고가 부족합니다. 100원을 환불해 드립니다.
 100원을 환불해 드립니다.
100 원이 충전 되었습니다.
재고가 부족합니다. 100원을 환불해 드립니다.
 100원을 환불해 드립니다.
100 원이 충전 되었습니다.
재고가 부족합니다. 100원을 환불해 드립니다.
 100원을 환불해 드립니다.
100 원이 충전 되었습니다.
재고가 부족합니다. 100원을 환불해 드립니다.
 100원을 환불해 드립니다.
100 원이 충전 되었습니다.
재고가 부족합니다. 100원을 환불해 드립니다.
 100원을 환불해 드립니다.
100 원이 충전 되었습니다.
재고가 부족합니다. 100원을 환불해 드립니다.
 100원을 환불해 드립니다.
100 원이 충전 되었습니다.
재고가 부족합니다. 100원을 환불해 드립니다.
 100원을 환불해 드립니다.
100 원이 충전 되었습니다.
재고가 부족합니다. 100원을 환불해 드립니다.
 100원을 환불해 드립니다.
100 원이 충전 되었습니다.
재고가 부족합니다. 100원을 환불해 드립니다.
 100원을 환불해 드립니다.
100 원이 충전 되었습니다.
재고가 부족합니다. 100원을 환불해 드립니다.
 100원을 환불해 드립니다.
100 원이 충전 되었습니다.
재고가 부족합니다. 100원을 환불해 드립니다.
 100원을 환불해 드립니다.
100 원이 충전 되었습니다.
재고가 부족합니다. 100원을 환불해 드립니다.
 100원을 환불해 드립니다.
100 원이 충전 되었습니다.
재고가 부족합니다. 100원을 환불해 드립니다.
 100원을 환불해 드립니다.
100 원이 충전 되었습니다.
재고가 부족합니다. 100원을 환불해 드립니다.
 100원을 환불해 드립니다.
100 원이 충전 되었습니다.
재고가 부족합니다. 100원을 환불해 드립니다.
 100원을 환불해 드립니다.
100 원이 충전 되었습니다.
재고가 부족합니다. 100원을 환불해 드립니다.
 100원을 환불해 드립니다.
100 원이 충전 되었습니다.
재고가 부족합니다. 100원을 환불해 드립니다.
 100원을 환불해 드립니다.
100 원이 충전 되었습니다.
재고가 부족합니다. 100원을 환불해 드립니다.
 100원을 환불해 드립니다.
100 원이 충전 되었습니다.
재고가 부족합니다. 100원을 환불해 드립니다.
 100원을 환불해 드립니다.
100 원이 충전 되었습니다.
재고가 부족합니다. 100원을 환불해 드립니다.
 100원을 환불해 드립니다.
100 원이 충전 되었습니다.
재고가 부족합니다. 100원을 환불해 드립니다.
 100원을 환불해 드립니다.
100 원이 충전 되었습니다.
재고가 부족합니다. 100원을 환불해 드립니다.
 100원을 환불해 드립니다.
100 원이 충전 되었습니다.
재고가 부족합니다. 100원을 환불해 드립니다.
 100원을 환불해 드립니다.
100 원이 충전 되었습니다.
재고가 부족합니다. 100원을 환불해 드립니다.
 100원을 환불해 드립니다.
100 원이 충전 되었습니다.
재고가 부족합니다. 100원을 환불해 드립니다.
 100원을 환불해 드립니다.
100 원이 충전 되었습니다.
재고가 부족합니다. 100원을 환불해 드립니다.
 100원을 환불해 드립니다.
100 원이 충전 되었습니다.
재고가 부족합니다. 100원을 환불해 드립니다.
 100원을 환불해 드립니다.
100 원이 충전 되었습니다.
재고가 부족합니다. 100원을 환불해 드립니다.
 100원을 환불해 드립니다.
100 원이 충전 되었습니다.
재고가 부족합니다. 100원을 환불해 드립니다.
 100원을 환불해 드립니다.
100 원이 충전 되었습니다.
재고가 부족합니다. 100원을 환불해 드립니다.
 100원을 환불해 드립니다.
100 원이 충전 되었습니다.
재고가 부족합니다. 100원을 환불해 드립니다.
 100원을 환불해 드립니다.
100 원이 충전 되었습니다.
재고가 부족합니다. 100원을 환불해 드립니다.
 100원을 환불해 드립니다.
100 원이 충전 되었습니다.
재고가 부족합니다. 100원을 환불해 드립니다.
 100원을 환불해 드립니다.
100 원이 충전 되었습니다.
재고가 부족합니다. 100원을 환불해 드립니다.
 100원을 환불해 드립니다.
100 원이 충전 되었습니다.
재고가 부족합니다. 100원을 환불해 드립니다.
 100원을 환불해 드립니다.
100 원이 충전 되었습니다.
재고가 부족합니다. 100원을 환불해 드립니다.
 100원을 환불해 드립니다.
100 원이 충전 되었습니다.
재고가 부족합니다. 100원을 환불해 드립니다.
 100원을 환불해 드립니다.
100 원이 충전 되었습니다.
재고가 부족합니다. 100원을 환불해 드립니다.
 100원을 환불해 드립니다.
100 원이 충전 되었습니다.
재고가 부족합니다. 100원을 환불해 드립니다.
 100원을 환불해 드립니다.
100 원이 충전 되었습니다.
재고가 부족합니다. 100원을 환불해 드립니다.
 100원을 환불해 드립니다.
100 원이 충전 되었습니다.
재고가 부족합니다. 100원을 환불해 드립니다.
 100원을 환불해 드립니다.
100 원이 충전 되었습니다.
재고가 부족합니다. 100원을 환불해 드립니다.
 100원을 환불해 드립니다.
100 원이 충전 되었습니다.
재고가 부족합니다. 100원을 환불해 드립니다.
 100원을 환불해 드립니다.
100 원이 충전 되었습니다.
재고가 부족합니다. 100원을 환불해 드립니다.
 100원을 환불해 드립니다.
100 원이 충전 되었습니다.
재고가 부족합니다. 100원을 환불해 드립니다.
 100원을 환불해 드립니다.
100 원이 충전 되었습니다.
재고가 부족합니다. 100원을 환불해 드립니다.
 100원을 환불해 드립니다.
100 원이 충전 되었습니다.
재고가 부족합니다. 100원을 환불해 드립니다.
 100원을 환불해 드립니다.
100 원이 충전 되었습니다.
재고가 부족합니다. 100원을 환불해 드립니다.
 100원을 환불해 드립니다.
100 원이 충전 되었습니다.
재고가 부족합니다. 100원을 환불해 드립니다.
 100원을 환불해 드립니다.
100 원이 충전 되었습니다.
재고가 부족합니다. 100원을 환불해 드립니다.
 100원을 환불해 드립니다.
100 원이 충전 되었습니다.
재고가 부족합니다. 100원을 환불해 드립니다.
 100원을 환불해 드립니다.
100 원이 충전 되었습니다.
재고가 부족합니다. 100원을 환불해 드립니다.
 100원을 환불해 드립니다.
100 원이 충전 되었습니다.
재고가 부족합니다. 100원을 환불해 드립니다.
 100원을 환불해 드립니다.
100 원이 충전 되었습니다.
재고가 부족합니다. 100원을 환불해 드립니다.
 100원을 환불해 드립니다.
100 원이 충전 되었습니다.
재고가 부족합니다. 100원을 환불해 드립니다.
 100원을 환불해 드립니다.
100 원이 충전 되었습니다.
재고가 부족합니다. 100원을 환불해 드립니다.
 100원을 환불해 드립니다.
100 원이 충전 되었습니다.
재고가 부족합니다. 100원을 환불해 드립니다.
 100원을 환불해 드립니다.
100 원이 충전 되었습니다.
재고가 부족합니다. 100원을 환불해 드립니다.
 100원을 환불해 드립니다.
100 원이 충전 되었습니다.
재고가 부족합니다. 100원을 환불해 드립니다.
 100원을 환불해 드립니다.
100 원이 충전 되었습니다.
재고가 부족합니다. 100원을 환불해 드립니다.
 100원을 환불해 드립니다.
100 원이 충전 되었습니다.
재고가 부족합니다. 100원을 환불해 드립니다.
 100원을 환불해 드립니다.
100 원이 충전 되었습니다.
재고가 부족합니다. 100원을 환불해 드립니다.
 100원을 환불해 드립니다.
100 원이 충전 되었습니다.
재고가 부족합니다. 100원을 환불해 드립니다.
 100원을 환불해 드립니다.
100 원이 충전 되었습니다.
재고가 부족합니다. 100원을 환불해 드립니다.
 100원을 환불해 드립니다.
100 원이 충전 되었습니다.
재고가 부족합니다. 100원을 환불해 드립니다.
 100원을 환불해 드립니다.
100 원이 충전 되었습니다.
재고가 부족합니다. 100원을 환불해 드립니다.
 100원을 환불해 드립니다.
100 원이 충전 되었습니다.
재고가 부족합니다. 100원을 환불해 드립니다.
 100원을 환불해 드립니다.
100 원이 충전 되었습니다.
재고가 부족합니다. 100원을 환불해 드립니다.
 100원을 환불해 드립니다.
100 원이 충전 되었습니다.
재고가 부족합니다. 100원을 환불해 드립니다.
 100원을 환불해 드립니다.
100 원이 충전 되었습니다.
재고가 부족합니다. 100원을 환불해 드립니다.
 100원을 환불해 드립니다.
100 원이 충전 되었습니다.
재고가 부족합니다. 100원을 환불해 드립니다.
 100원을 환불해 드립니다.
100 원이 충전 되었습니다.
재고가 부족합니다. 100원을 환불해 드립니다.
 100원을 환불해 드립니다.
100 원이 충전 되었습니다.
재고가 부족합니다. 100원을 환불해 드립니다.
 100원을 환불해 드립니다.
100 원이 충전 되었습니다.
재고가 부족합니다. 100원을 환불해 드립니다.
 100원을 환불해 드립니다.
100 원이 충전 되었습니다.
재고가 부족합니다. 100원을 환불해 드립니다.
 100원을 환불해 드립니다.
100 원이 충전 되었습니다.
재고가 부족합니다. 100원을 환불해 드립니다.
 100원을 환불해 드립니다.
100 원이 충전 되었습니다.
재고가 부족합니다. 100원을 환불해 드립니다.
 100원을 환불해 드립니다.
100 원이 충전 되었습니다.
꽝 입니다
재고가 부족합니다. 100원을 환불해 드립니다.
 100원을 환불해 드립니다.
100 원이 충전 되었습니다.
재고가 부족합니다. 100원을 환불해 드립니다.
 100원을 환불해 드립니다.
100 원이 충전 되었습니다.
재고가 부족합니다. 100원을 환불해 드립니다.
 100원을 환불해 드립니다.
100 원이 충전 되었습니다.
재고가 부족합니다. 100원을 환불해 드립니다.
 100원을 환불해 드립니다.
100 원이 충전 되었습니다.
재고가 부족합니다. 100원을 환불해 드립니다.
 100원을 환불해 드립니다.
100 원이 충전 되었습니다.
재고가 부족합니다. 100원을 환불해 드립니다.
 100원을 환불해 드립니다.
100 원이 충전 되었습니다.
재고가 부족합니다. 100원을 환불해 드립니다.
 100원을 환불해 드립니다.
100 원이 충전 되었습니다.
재고가 부족합니다. 100원을 환불해 드립니다.
 100원을 환불해 드립니다.
100 원이 충전 되었습니다.
재고가 부족합니다. 100원을 환불해 드립니다.
 100원을 환불해 드립니다.
100 원이 충전 되었습니다.
재고가 부족합니다. 100원을 환불해 드립니다.
 100원을 환불해 드립니다.
100 원이 충전 되었습니다.
재고가 부족합니다. 100원을 환불해 드립니다.
 100원을 환불해 드립니다.
100 원이 충전 되었습니다.
재고가 부족합니다. 100원을 환불해 드립니다.
 100원을 환불해 드립니다.
100 원이 충전 되었습니다.
재고가 부족합니다. 100원을 환불해 드립니다.
 100원을 환불해 드립니다.
100 원이 충전 되었습니다.
재고가 부족합니다. 100원을 환불해 드립니다.
 100원을 환불해 드립니다.
100 원이 충전 되었습니다.
재고가 부족합니다. 100원을 환불해 드립니다.
 100원을 환불해 드립니다.
100 원이 충전 되었습니다.
재고가 부족합니다. 100원을 환불해 드립니다.
 100원을 환불해 드립니다.
100 원이 충전 되었습니다.
재고가 부족합니다. 100원을 환불해 드립니다.
 100원을 환불해 드립니다.
100 원이 충전 되었습니다.
재고가 부족합니다. 100원을 환불해 드립니다.
 100원을 환불해 드립니다.
100 원이 충전 되었습니다.
재고가 부족합니다. 100원을 환불해 드립니다.
 100원을 환불해 드립니다.
100 원이 충전 되었습니다.
재고가 부족합니다. 100원을 환불해 드립니다.
 100원을 환불해 드립니다.
100 원이 충전 되었습니다.
재고가 부족합니다. 100원을 환불해 드립니다.
 100원을 환불해 드립니다.
100 원이 충전 되었습니다.
재고가 부족합니다. 100원을 환불해 드립니다.
 100원을 환불해 드립니다.
100 원이 충전 되었습니다.
재고가 부족합니다. 100원을 환불해 드립니다.
 100원을 환불해 드립니다.
100 원이 충전 되었습니다.
재고가 부족합니다. 100원을 환불해 드립니다.
 100원을 환불해 드립니다.
100 원이 충전 되었습니다.
재고가 부족합니다. 100원을 환불해 드립니다.
 100원을 환불해 드립니다.
100 원이 충전 되었습니다.
재고가 부족합니다. 100원을 환불해 드립니다.
 100원을 환불해 드립니다.
100 원이 충전 되었습니다.
재고가 부족합니다. 100원을 환불해 드립니다.
 100원을 환불해 드립니다.
100 원이 충전 되었습니다.
재고가 부족합니다. 100원을 환불해 드립니다.
 100원을 환불해 드립니다.
100 원이 충전 되었습니다.
재고가 부족합니다. 100원을 환불해 드립니다.
 100원을 환불해 드립니다.
100 원이 충전 되었습니다.
재고가 부족합니다. 100원을 환불해 드립니다.
 100원을 환불해 드립니다.
100 원이 충전 되었습니다.
재고가 부족합니다. 100원을 환불해 드립니다.
 100원을 환불해 드립니다.
100 원이 충전 되었습니다.
재고가 부족합니다. 100원을 환불해 드립니다.
 100원을 환불해 드립니다.
100 원이 충전 되었습니다.
재고가 부족합니다. 100원을 환불해 드립니다.
 100원을 환불해 드립니다.
100 원이 충전 되었습니다.
재고가 부족합니다. 100원을 환불해 드립니다.
 100원을 환불해 드립니다.
100 원이 충전 되었습니다.
재고가 부족합니다. 100원을 환불해 드립니다.
 100원을 환불해 드립니다.
100 원이 충전 되었습니다.
꽝 입니다
재고가 부족합니다. 100원을 환불해 드립니다.
 100원을 환불해 드립니다.
100 원이 충전 되었습니다.
Gold 당첨 되었습니다.
재고가 부족합니다. 100원을 환불해 드립니다.
 100원을 환불해 드립니다.
100 원이 충전 되었습니다.
재고가 부족합니다. 100원을 환불해 드립니다.
 100원을 환불해 드립니다.
100 원이 충전 되었습니다.
재고가 부족합니다. 100원을 환불해 드립니다.
 100원을 환불해 드립니다.
100 원이 충전 되었습니다.
재고가 부족합니다. 100원을 환불해 드립니다.
 100원을 환불해 드립니다.
100 원이 충전 되었습니다.
꽝 입니다
재고가 부족합니다. 100원을 환불해 드립니다.
 100원을 환불해 드립니다.
100 원이 충전 되었습니다.
재고가 부족합니다. 100원을 환불해 드립니다.
 100원을 환불해 드립니다.
100 원이 충전 되었습니다.
재고가 부족합니다. 100원을 환불해 드립니다.
 100원을 환불해 드립니다.
100 원이 충전 되었습니다.
재고가 부족합니다. 100원을 환불해 드립니다.
 100원을 환불해 드립니다.
100 원이 충전 되었습니다.
재고가 부족합니다. 100원을 환불해 드립니다.
 100원을 환불해 드립니다.
100 원이 충전 되었습니다.
재고가 부족합니다. 100원을 환불해 드립니다.
 100원을 환불해 드립니다.
100 원이 충전 되었습니다.
재고가 부족합니다. 100원을 환불해 드립니다.
 100원을 환불해 드립니다.
100 원이 충전 되었습니다.
재고가 부족합니다. 100원을 환불해 드립니다.
 100원을 환불해 드립니다.
100 원이 충전 되었습니다.
재고가 부족합니다. 100원을 환불해 드립니다.
 100원을 환불해 드립니다.
100 원이 충전 되었습니다.
재고가 부족합니다. 100원을 환불해 드립니다.
 100원을 환불해 드립니다.
100 원이 충전 되었습니다.
재고가 부족합니다. 100원을 환불해 드립니다.
 100원을 환불해 드립니다.
100 원이 충전 되었습니다.
꽝 입니다
재고가 부족합니다. 100원을 환불해 드립니다.
 100원을 환불해 드립니다.
100 원이 충전 되었습니다.
재고가 부족합니다. 100원을 환불해 드립니다.
 100원을 환불해 드립니다.
100 원이 충전 되었습니다.
재고가 부족합니다. 100원을 환불해 드립니다.
 100원을 환불해 드립니다.
100 원이 충전 되었습니다.
재고가 부족합니다. 100원을 환불해 드립니다.
 100원을 환불해 드립니다.
100 원이 충전 되었습니다.
재고가 부족합니다. 100원을 환불해 드립니다.
 100원을 환불해 드립니다.
100 원이 충전 되었습니다.
재고가 부족합니다. 100원을 환불해 드립니다.
 100원을 환불해 드립니다.
100 원이 충전 되었습니다.
재고가 부족합니다. 100원을 환불해 드립니다.
 100원을 환불해 드립니다.
100 원이 충전 되었습니다.
재고가 부족합니다. 100원을 환불해 드립니다.
 100원을 환불해 드립니다.
100 원이 충전 되었습니다.
재고가 부족합니다. 100원을 환불해 드립니다.
 100원을 환불해 드립니다.
100 원이 충전 되었습니다.
재고가 부족합니다. 100원을 환불해 드립니다.
 100원을 환불해 드립니다.
100 원이 충전 되었습니다.
재고가 부족합니다. 100원을 환불해 드립니다.
 100원을 환불해 드립니다.
100 원이 충전 되었습니다.
재고가 부족합니다. 100원을 환불해 드립니다.
 100원을 환불해 드립니다.
100 원이 충전 되었습니다.
재고가 부족합니다. 100원을 환불해 드립니다.
 100원을 환불해 드립니다.
100 원이 충전 되었습니다.
꽝 입니다
재고가 부족합니다. 100원을 환불해 드립니다.
 100원을 환불해 드립니다.
100 원이 충전 되었습니다.
재고가 부족합니다. 100원을 환불해 드립니다.
 100원을 환불해 드립니다.
100 원이 충전 되었습니다.
재고가 부족합니다. 100원을 환불해 드립니다.
 100원을 환불해 드립니다.
100 원이 충전 되었습니다.
꽝 입니다
재고가 부족합니다. 100원을 환불해 드립니다.
 100원을 환불해 드립니다.
100 원이 충전 되었습니다.
재고가 부족합니다. 100원을 환불해 드립니다.
 100원을 환불해 드립니다.
100 원이 충전 되었습니다.
재고가 부족합니다. 100원을 환불해 드립니다.
 100원을 환불해 드립니다.
100 원이 충전 되었습니다.
재고가 부족합니다. 100원을 환불해 드립니다.
 100원을 환불해 드립니다.
100 원이 충전 되었습니다.
재고가 부족합니다. 100원을 환불해 드립니다.
 100원을 환불해 드립니다.
100 원이 충전 되었습니다.
재고가 부족합니다. 100원을 환불해 드립니다.
 100원을 환불해 드립니다.
100 원이 충전 되었습니다.
재고가 부족합니다. 100원을 환불해 드립니다.
 100원을 환불해 드립니다.
100 원이 충전 되었습니다.
재고가 부족합니다. 100원을 환불해 드립니다.
 100원을 환불해 드립니다.
100 원이 충전 되었습니다.
꽝 입니다
재고가 부족합니다. 100원을 환불해 드립니다.
 100원을 환불해 드립니다.
100 원이 충전 되었습니다.
재고가 부족합니다. 100원을 환불해 드립니다.
 100원을 환불해 드립니다.
100 원이 충전 되었습니다.
재고가 부족합니다. 100원을 환불해 드립니다.
 100원을 환불해 드립니다.
100 원이 충전 되었습니다.
재고가 부족합니다. 100원을 환불해 드립니다.
 100원을 환불해 드립니다.
100 원이 충전 되었습니다.
재고가 부족합니다. 100원을 환불해 드립니다.
 100원을 환불해 드립니다.
100 원이 충전 되었습니다.
재고가 부족합니다. 100원을 환불해 드립니다.
 100원을 환불해 드립니다.
100 원이 충전 되었습니다.
재고가 부족합니다. 100원을 환불해 드립니다.
 100원을 환불해 드립니다.
100 원이 충전 되었습니다.
재고가 부족합니다. 100원을 환불해 드립니다.
 100원을 환불해 드립니다.
100 원이 충전 되었습니다.
재고가 부족합니다. 100원을 환불해 드립니다.
 100원을 환불해 드립니다.
100 원이 충전 되었습니다.
재고가 부족합니다. 100원을 환불해 드립니다.
 100원을 환불해 드립니다.
100 원이 충전 되었습니다.
재고가 부족합니다. 100원을 환불해 드립니다.
 100원을 환불해 드립니다.
100 원이 충전 되었습니다.
재고가 부족합니다. 100원을 환불해 드립니다.
 100원을 환불해 드립니다.
100 원이 충전 되었습니다.
재고가 부족합니다. 100원을 환불해 드립니다.
 100원을 환불해 드립니다.
100 원이 충전 되었습니다.
재고가 부족합니다. 100원을 환불해 드립니다.
 100원을 환불해 드립니다.
100 원이 충전 되었습니다.
재고가 부족합니다. 100원을 환불해 드립니다.
 100원을 환불해 드립니다.
100 원이 충전 되었습니다.
재고가 부족합니다. 100원을 환불해 드립니다.
 100원을 환불해 드립니다.
100 원이 충전 되었습니다.
재고가 부족합니다. 100원을 환불해 드립니다.
 100원을 환불해 드립니다.
100 원이 충전 되었습니다.
재고가 부족합니다. 100원을 환불해 드립니다.
 100원을 환불해 드립니다.
100 원이 충전 되었습니다.
재고가 부족합니다. 100원을 환불해 드립니다.
 100원을 환불해 드립니다.
100 원이 충전 되었습니다.
재고가 부족합니다. 100원을 환불해 드립니다.
 100원을 환불해 드립니다.
100 원이 충전 되었습니다.
재고가 부족합니다. 100원을 환불해 드립니다.
 100원을 환불해 드립니다.
100 원이 충전 되었습니다.
재고가 부족합니다. 100원을 환불해 드립니다.
 100원을 환불해 드립니다.
100 원이 충전 되었습니다.
재고가 부족합니다. 100원을 환불해 드립니다.
 100원을 환불해 드립니다.
100 원이 충전 되었습니다.
재고가 부족합니다. 100원을 환불해 드립니다.
 100원을 환불해 드립니다.
100 원이 충전 되었습니다.
재고가 부족합니다. 100원을 환불해 드립니다.
 100원을 환불해 드립니다.
100 원이 충전 되었습니다.
꽝 입니다
재고가 부족합니다. 100원을 환불해 드립니다.
 100원을 환불해 드립니다.
100 원이 충전 되었습니다.
재고가 부족합니다. 100원을 환불해 드립니다.
 100원을 환불해 드립니다.
100 원이 충전 되었습니다.
재고가 부족합니다. 100원을 환불해 드립니다.
 100원을 환불해 드립니다.
100 원이 충전 되었습니다.
재고가 부족합니다. 100원을 환불해 드립니다.
 100원을 환불해 드립니다.
100 원이 충전 되었습니다.
재고가 부족합니다. 100원을 환불해 드립니다.
 100원을 환불해 드립니다.
100 원이 충전 되었습니다.
재고가 부족합니다. 100원을 환불해 드립니다.
 100원을 환불해 드립니다.
100 원이 충전 되었습니다.
꽝 입니다
꽝 입니다
꽝 입니다
꽝 입니다
재고가 부족합니다. 100원을 환불해 드립니다.
 100원을 환불해 드립니다.
100 원이 충전 되었습니다.
재고가 부족합니다. 100원을 환불해 드립니다.
 100원을 환불해 드립니다.
100 원이 충전 되었습니다.
재고가 부족합니다. 100원을 환불해 드립니다.
 100원을 환불해 드립니다.
100 원이 충전 되었습니다.
재고가 부족합니다. 100원을 환불해 드립니다.
 100원을 환불해 드립니다.
100 원이 충전 되었습니다.
재고가 부족합니다. 100원을 환불해 드립니다.
 100원을 환불해 드립니다.
100 원이 충전 되었습니다.
재고가 부족합니다. 100원을 환불해 드립니다.
 100원을 환불해 드립니다.
100 원이 충전 되었습니다.
재고가 부족합니다. 100원을 환불해 드립니다.
 100원을 환불해 드립니다.
100 원이 충전 되었습니다.
재고가 부족합니다. 100원을 환불해 드립니다.
 100원을 환불해 드립니다.
100 원이 충전 되었습니다.
재고가 부족합니다. 100원을 환불해 드립니다.
 100원을 환불해 드립니다.
100 원이 충전 되었습니다.
재고가 부족합니다. 100원을 환불해 드립니다.
 100원을 환불해 드립니다.
100 원이 충전 되었습니다.
재고가 부족합니다. 100원을 환불해 드립니다.
 100원을 환불해 드립니다.
100 원이 충전 되었습니다.
재고가 부족합니다. 100원을 환불해 드립니다.
 100원을 환불해 드립니다.
100 원이 충전 되었습니다.
재고가 부족합니다. 100원을 환불해 드립니다.
 100원을 환불해 드립니다.
100 원이 충전 되었습니다.
재고가 부족합니다. 100원을 환불해 드립니다.
 100원을 환불해 드립니다.
100 원이 충전 되었습니다.
재고가 부족합니다. 100원을 환불해 드립니다.
 100원을 환불해 드립니다.
100 원이 충전 되었습니다.
재고가 부족합니다. 100원을 환불해 드립니다.
 100원을 환불해 드립니다.
100 원이 충전 되었습니다.
재고가 부족합니다. 100원을 환불해 드립니다.
 100원을 환불해 드립니다.
100 원이 충전 되었습니다.
재고가 부족합니다. 100원을 환불해 드립니다.
 100원을 환불해 드립니다.
100 원이 충전 되었습니다.
꽝 입니다
재고가 부족합니다. 100원을 환불해 드립니다.
 100원을 환불해 드립니다.
100 원이 충전 되었습니다.
재고가 부족합니다. 100원을 환불해 드립니다.
 100원을 환불해 드립니다.
100 원이 충전 되었습니다.
꽝 입니다
재고가 부족합니다. 100원을 환불해 드립니다.
 100원을 환불해 드립니다.
100 원이 충전 되었습니다.
재고가 부족합니다. 100원을 환불해 드립니다.
 100원을 환불해 드립니다.
100 원이 충전 되었습니다.
재고가 부족합니다. 100원을 환불해 드립니다.
 100원을 환불해 드립니다.
100 원이 충전 되었습니다.
재고가 부족합니다. 100원을 환불해 드립니다.
 100원을 환불해 드립니다.
100 원이 충전 되었습니다.
재고가 부족합니다. 100원을 환불해 드립니다.
 100원을 환불해 드립니다.
100 원이 충전 되었습니다.
재고가 부족합니다. 100원을 환불해 드립니다.
 100원을 환불해 드립니다.
100 원이 충전 되었습니다.
재고가 부족합니다. 100원을 환불해 드립니다.
 100원을 환불해 드립니다.
100 원이 충전 되었습니다.
재고가 부족합니다. 100원을 환불해 드립니다.
 100원을 환불해 드립니다.
100 원이 충전 되었습니다.
재고가 부족합니다. 100원을 환불해 드립니다.
 100원을 환불해 드립니다.
100 원이 충전 되었습니다.
재고가 부족합니다. 100원을 환불해 드립니다.
 100원을 환불해 드립니다.
100 원이 충전 되었습니다.
꽝 입니다
재고가 부족합니다. 100원을 환불해 드립니다.
 100원을 환불해 드립니다.
100 원이 충전 되었습니다.
재고가 부족합니다. 100원을 환불해 드립니다.
 100원을 환불해 드립니다.
100 원이 충전 되었습니다.
재고가 부족합니다. 100원을 환불해 드립니다.
 100원을 환불해 드립니다.
100 원이 충전 되었습니다.
재고가 부족합니다. 100원을 환불해 드립니다.
 100원을 환불해 드립니다.
100 원이 충전 되었습니다.
재고가 부족합니다. 100원을 환불해 드립니다.
 100원을 환불해 드립니다.
100 원이 충전 되었습니다.
재고가 부족합니다. 100원을 환불해 드립니다.
 100원을 환불해 드립니다.
100 원이 충전 되었습니다.
재고가 부족합니다. 100원을 환불해 드립니다.
 100원을 환불해 드립니다.
100 원이 충전 되었습니다.
재고가 부족합니다. 100원을 환불해 드립니다.
 100원을 환불해 드립니다.
100 원이 충전 되었습니다.
재고가 부족합니다. 100원을 환불해 드립니다.
 100원을 환불해 드립니다.
100 원이 충전 되었습니다.
재고가 부족합니다. 100원을 환불해 드립니다.
 100원을 환불해 드립니다.
100 원이 충전 되었습니다.
재고가 부족합니다. 100원을 환불해 드립니다.
 100원을 환불해 드립니다.
100 원이 충전 되었습니다.
재고가 부족합니다. 100원을 환불해 드립니다.
 100원을 환불해 드립니다.
100 원이 충전 되었습니다.
꽝 입니다
재고가 부족합니다. 100원을 환불해 드립니다.
 100원을 환불해 드립니다.
100 원이 충전 되었습니다.
재고가 부족합니다. 100원을 환불해 드립니다.
 100원을 환불해 드립니다.
100 원이 충전 되었습니다.
재고가 부족합니다. 100원을 환불해 드립니다.
 100원을 환불해 드립니다.
100 원이 충전 되었습니다.
재고가 부족합니다. 100원을 환불해 드립니다.
 100원을 환불해 드립니다.
100 원이 충전 되었습니다.
재고가 부족합니다. 100원을 환불해 드립니다.
 100원을 환불해 드립니다.
100 원이 충전 되었습니다.
꽝 입니다
재고가 부족합니다. 100원을 환불해 드립니다.
 100원을 환불해 드립니다.
100 원이 충전 되었습니다.
꽝 입니다
재고가 부족합니다. 100원을 환불해 드립니다.
 100원을 환불해 드립니다.
100 원이 충전 되었습니다.
재고가 부족합니다. 100원을 환불해 드립니다.
 100원을 환불해 드립니다.
100 원이 충전 되었습니다.
재고가 부족합니다. 100원을 환불해 드립니다.
 100원을 환불해 드립니다.
100 원이 충전 되었습니다.
재고가 부족합니다. 100원을 환불해 드립니다.
 100원을 환불해 드립니다.
100 원이 충전 되었습니다.
재고가 부족합니다. 100원을 환불해 드립니다.
 100원을 환불해 드립니다.
100 원이 충전 되었습니다.
재고가 부족합니다. 100원을 환불해 드립니다.
 100원을 환불해 드립니다.
100 원이 충전 되었습니다.
재고가 부족합니다. 100원을 환불해 드립니다.
 100원을 환불해 드립니다.
100 원이 충전 되었습니다.
재고가 부족합니다. 100원을 환불해 드립니다.
 100원을 환불해 드립니다.
100 원이 충전 되었습니다.
재고가 부족합니다. 100원을 환불해 드립니다.
 100원을 환불해 드립니다.
100 원이 충전 되었습니다.
재고가 부족합니다. 100원을 환불해 드립니다.
 100원을 환불해 드립니다.
100 원이 충전 되었습니다.
재고가 부족합니다. 100원을 환불해 드립니다.
 100원을 환불해 드립니다.
100 원이 충전 되었습니다.
재고가 부족합니다. 100원을 환불해 드립니다.
 100원을 환불해 드립니다.
100 원이 충전 되었습니다.
재고가 부족합니다. 100원을 환불해 드립니다.
 100원을 환불해 드립니다.
100 원이 충전 되었습니다.
재고가 부족합니다. 100원을 환불해 드립니다.
 100원을 환불해 드립니다.
100 원이 충전 되었습니다.
꽝 입니다
재고가 부족합니다. 100원을 환불해 드립니다.
 100원을 환불해 드립니다.
100 원이 충전 되었습니다.
재고가 부족합니다. 100원을 환불해 드립니다.
 100원을 환불해 드립니다.
100 원이 충전 되었습니다.
재고가 부족합니다. 100원을 환불해 드립니다.
 100원을 환불해 드립니다.
100 원이 충전 되었습니다.
재고가 부족합니다. 100원을 환불해 드립니다.
 100원을 환불해 드립니다.
100 원이 충전 되었습니다.
재고가 부족합니다. 100원을 환불해 드립니다.
 100원을 환불해 드립니다.
100 원이 충전 되었습니다.
재고가 부족합니다. 100원을 환불해 드립니다.
 100원을 환불해 드립니다.
100 원이 충전 되었습니다.
재고가 부족합니다. 100원을 환불해 드립니다.
 100원을 환불해 드립니다.
100 원이 충전 되었습니다.
재고가 부족합니다. 100원을 환불해 드립니다.
 100원을 환불해 드립니다.
100 원이 충전 되었습니다.
재고가 부족합니다. 100원을 환불해 드립니다.
 100원을 환불해 드립니다.
100 원이 충전 되었습니다.
재고가 부족합니다. 100원을 환불해 드립니다.
 100원을 환불해 드립니다.
100 원이 충전 되었습니다.
재고가 부족합니다. 100원을 환불해 드립니다.
 100원을 환불해 드립니다.
100 원이 충전 되었습니다.
재고가 부족합니다. 100원을 환불해 드립니다.
 100원을 환불해 드립니다.
100 원이 충전 되었습니다.
재고가 부족합니다. 100원을 환불해 드립니다.
 100원을 환불해 드립니다.
100 원이 충전 되었습니다.
재고가 부족합니다. 100원을 환불해 드립니다.
 100원을 환불해 드립니다.
100 원이 충전 되었습니다.
재고가 부족합니다. 100원을 환불해 드립니다.
 100원을 환불해 드립니다.
100 원이 충전 되었습니다.
재고가 부족합니다. 100원을 환불해 드립니다.
 100원을 환불해 드립니다.
100 원이 충전 되었습니다.
재고가 부족합니다. 100원을 환불해 드립니다.
 100원을 환불해 드립니다.
100 원이 충전 되었습니다.
재고가 부족합니다. 100원을 환불해 드립니다.
 100원을 환불해 드립니다.
100 원이 충전 되었습니다.
재고가 부족합니다. 100원을 환불해 드립니다.
 100원을 환불해 드립니다.
100 원이 충전 되었습니다.
재고가 부족합니다. 100원을 환불해 드립니다.
 100원을 환불해 드립니다.
100 원이 충전 되었습니다.
재고가 부족합니다. 100원을 환불해 드립니다.
 100원을 환불해 드립니다.
100 원이 충전 되었습니다.
재고가 부족합니다. 100원을 환불해 드립니다.
 100원을 환불해 드립니다.
100 원이 충전 되었습니다.
재고가 부족합니다. 100원을 환불해 드립니다.
 100원을 환불해 드립니다.
100 원이 충전 되었습니다.
꽝 입니다
꽝 입니다
재고가 부족합니다. 100원을 환불해 드립니다.
 100원을 환불해 드립니다.
100 원이 충전 되었습니다.
재고가 부족합니다. 100원을 환불해 드립니다.
 100원을 환불해 드립니다.
100 원이 충전 되었습니다.
꽝 입니다
재고가 부족합니다. 100원을 환불해 드립니다.
 100원을 환불해 드립니다.
100 원이 충전 되었습니다.
재고가 부족합니다. 100원을 환불해 드립니다.
 100원을 환불해 드립니다.
100 원이 충전 되었습니다.
재고가 부족합니다. 100원을 환불해 드립니다.
 100원을 환불해 드립니다.
100 원이 충전 되었습니다.
재고가 부족합니다. 100원을 환불해 드립니다.
 100원을 환불해 드립니다.
100 원이 충전 되었습니다.
재고가 부족합니다. 100원을 환불해 드립니다.
 100원을 환불해 드립니다.
100 원이 충전 되었습니다.
재고가 부족합니다. 100원을 환불해 드립니다.
 100원을 환불해 드립니다.
100 원이 충전 되었습니다.
재고가 부족합니다. 100원을 환불해 드립니다.
 100원을 환불해 드립니다.
100 원이 충전 되었습니다.
재고가 부족합니다. 100원을 환불해 드립니다.
 100원을 환불해 드립니다.
100 원이 충전 되었습니다.
재고가 부족합니다. 100원을 환불해 드립니다.
 100원을 환불해 드립니다.
100 원이 충전 되었습니다.
재고가 부족합니다. 100원을 환불해 드립니다.
 100원을 환불해 드립니다.
100 원이 충전 되었습니다.
재고가 부족합니다. 100원을 환불해 드립니다.
 100원을 환불해 드립니다.
100 원이 충전 되었습니다.
재고가 부족합니다. 100원을 환불해 드립니다.
 100원을 환불해 드립니다.
100 원이 충전 되었습니다.
재고가 부족합니다. 100원을 환불해 드립니다.
 100원을 환불해 드립니다.
100 원이 충전 되었습니다.
꽝 입니다
재고가 부족합니다. 100원을 환불해 드립니다.
 100원을 환불해 드립니다.
100 원이 충전 되었습니다.
재고가 부족합니다. 100원을 환불해 드립니다.
 100원을 환불해 드립니다.
100 원이 충전 되었습니다.
재고가 부족합니다. 100원을 환불해 드립니다.
 100원을 환불해 드립니다.
100 원이 충전 되었습니다.
재고가 부족합니다. 100원을 환불해 드립니다.
 100원을 환불해 드립니다.
100 원이 충전 되었습니다.
재고가 부족합니다. 100원을 환불해 드립니다.
 100원을 환불해 드립니다.
100 원이 충전 되었습니다.
재고가 부족합니다. 100원을 환불해 드립니다.
 100원을 환불해 드립니다.
100 원이 충전 되었습니다.
재고가 부족합니다. 100원을 환불해 드립니다.
 100원을 환불해 드립니다.
100 원이 충전 되었습니다.
재고가 부족합니다. 100원을 환불해 드립니다.
 100원을 환불해 드립니다.
100 원이 충전 되었습니다.
재고가 부족합니다. 100원을 환불해 드립니다.
 100원을 환불해 드립니다.
100 원이 충전 되었습니다.
재고가 부족합니다. 100원을 환불해 드립니다.
 100원을 환불해 드립니다.
100 원이 충전 되었습니다.
재고가 부족합니다. 100원을 환불해 드립니다.
 100원을 환불해 드립니다.
100 원이 충전 되었습니다.
재고가 부족합니다. 100원을 환불해 드립니다.
 100원을 환불해 드립니다.
100 원이 충전 되었습니다.
재고가 부족합니다. 100원을 환불해 드립니다.
 100원을 환불해 드립니다.
100 원이 충전 되었습니다.
재고가 부족합니다. 100원을 환불해 드립니다.
 100원을 환불해 드립니다.
100 원이 충전 되었습니다.
재고가 부족합니다. 100원을 환불해 드립니다.
 100원을 환불해 드립니다.
100 원이 충전 되었습니다.
재고가 부족합니다. 100원을 환불해 드립니다.
 100원을 환불해 드립니다.
100 원이 충전 되었습니다.
재고가 부족합니다. 100원을 환불해 드립니다.
 100원을 환불해 드립니다.
100 원이 충전 되었습니다.
재고가 부족합니다. 100원을 환불해 드립니다.
 100원을 환불해 드립니다.
100 원이 충전 되었습니다.
재고가 부족합니다. 100원을 환불해 드립니다.
 100원을 환불해 드립니다.
100 원이 충전 되었습니다.
재고가 부족합니다. 100원을 환불해 드립니다.
 100원을 환불해 드립니다.
100 원이 충전 되었습니다.
재고가 부족합니다. 100원을 환불해 드립니다.
 100원을 환불해 드립니다.
100 원이 충전 되었습니다.
재고가 부족합니다. 100원을 환불해 드립니다.
 100원을 환불해 드립니다.
100 원이 충전 되었습니다.

현재 남은 잔액은 95900원 입니다
[------HELP------]
응모 : DRAW [시행횟수]
충전 : INSERT
종료 : EXIT
]]></system-out>
  </testcase>
  <testcase name="businessTeamTest09HappyCase" classname="project02.BusinessTeamTest" time="0.061">
    <system-out><![CDATA[[빠칭코 상품 뽑기 서비스]
명령어를 입력해주세요


현재 남은 잔액은 10000원 입니다
[------HELP------]
응모 : DRAW [시행횟수]
충전 : INSERT
종료 : EXIT
100000 원이 충전 되었습니다.

현재 남은 잔액은 110000원 입니다
[------HELP------]
응모 : DRAW [시행횟수]
충전 : INSERT
종료 : EXIT
mock 당첨 되었습니다.
mock 당첨 되었습니다.
mock 당첨 되었습니다.
mock 당첨 되었습니다.
mock 당첨 되었습니다.
mock 당첨 되었습니다.
mock 당첨 되었습니다.
mock 당첨 되었습니다.
mock 당첨 되었습니다.
mock 당첨 되었습니다.
mock 당첨 되었습니다.
꽝 입니다
mock 당첨 되었습니다.
mock 당첨 되었습니다.
mock 당첨 되었습니다.
mock 당첨 되었습니다.
mock 당첨 되었습니다.
mock 당첨 되었습니다.
mock 당첨 되었습니다.
mock 당첨 되었습니다.
mock 당첨 되었습니다.
꽝 입니다
mock 당첨 되었습니다.
mock 당첨 되었습니다.
mock 당첨 되었습니다.
꽝 입니다
mock 당첨 되었습니다.
mock 당첨 되었습니다.
mock 당첨 되었습니다.
mock 당첨 되었습니다.
mock 당첨 되었습니다.
꽝 입니다
mock 당첨 되었습니다.
mock 당첨 되었습니다.
mock 당첨 되었습니다.
mock 당첨 되었습니다.
mock 당첨 되었습니다.
mock 당첨 되었습니다.
mock 당첨 되었습니다.
mock 당첨 되었습니다.
mock 당첨 되었습니다.
mock 당첨 되었습니다.
mock 당첨 되었습니다.
mock 당첨 되었습니다.
mock 당첨 되었습니다.
꽝 입니다
꽝 입니다
mock 당첨 되었습니다.
mock 당첨 되었습니다.
꽝 입니다
mock 당첨 되었습니다.
mock 당첨 되었습니다.
mock 당첨 되었습니다.
mock 당첨 되었습니다.
mock 당첨 되었습니다.
mock 당첨 되었습니다.
mock 당첨 되었습니다.
mock 당첨 되었습니다.
mock 당첨 되었습니다.
mock 당첨 되었습니다.
mock 당첨 되었습니다.
mock 당첨 되었습니다.
mock 당첨 되었습니다.
mock 당첨 되었습니다.
mock 당첨 되었습니다.
mock 당첨 되었습니다.
mock 당첨 되었습니다.
mock 당첨 되었습니다.
mock 당첨 되었습니다.
mock 당첨 되었습니다.
mock 당첨 되었습니다.
꽝 입니다
mock 당첨 되었습니다.
mock 당첨 되었습니다.
mock 당첨 되었습니다.
꽝 입니다
꽝 입니다
mock 당첨 되었습니다.
mock 당첨 되었습니다.
mock 당첨 되었습니다.
Gold 당첨 되었습니다.
mock 당첨 되었습니다.
mock 당첨 되었습니다.
mock 당첨 되었습니다.
mock 당첨 되었습니다.
mock 당첨 되었습니다.
mock 당첨 되었습니다.
mock 당첨 되었습니다.
mock 당첨 되었습니다.
mock 당첨 되었습니다.
mock 당첨 되었습니다.
꽝 입니다
mock 당첨 되었습니다.
mock 당첨 되었습니다.
꽝 입니다
mock 당첨 되었습니다.
mock 당첨 되었습니다.
mock 당첨 되었습니다.
mock 당첨 되었습니다.
mock 당첨 되었습니다.
mock 당첨 되었습니다.
mock 당첨 되었습니다.
mock 당첨 되었습니다.
mock 당첨 되었습니다.
mock 당첨 되었습니다.
mock 당첨 되었습니다.
mock 당첨 되었습니다.
꽝 입니다
mock 당첨 되었습니다.
꽝 입니다
mock 당첨 되었습니다.
mock 당첨 되었습니다.
mock 당첨 되었습니다.
mock 당첨 되었습니다.
mock 당첨 되었습니다.
mock 당첨 되었습니다.
mock 당첨 되었습니다.
mock 당첨 되었습니다.
mock 당첨 되었습니다.
mock 당첨 되었습니다.
mock 당첨 되었습니다.
mock 당첨 되었습니다.
mock 당첨 되었습니다.
mock 당첨 되었습니다.
mock 당첨 되었습니다.
mock 당첨 되었습니다.
mock 당첨 되었습니다.
mock 당첨 되었습니다.
mock 당첨 되었습니다.
mock 당첨 되었습니다.
꽝 입니다
mock 당첨 되었습니다.
mock 당첨 되었습니다.
꽝 입니다
mock 당첨 되었습니다.
Gold 당첨 되었습니다.
mock 당첨 되었습니다.
mock 당첨 되었습니다.
mock 당첨 되었습니다.
mock 당첨 되었습니다.
mock 당첨 되었습니다.
mock 당첨 되었습니다.
mock 당첨 되었습니다.
mock 당첨 되었습니다.
mock 당첨 되었습니다.
mock 당첨 되었습니다.
꽝 입니다
mock 당첨 되었습니다.
mock 당첨 되었습니다.
mock 당첨 되었습니다.
꽝 입니다
mock 당첨 되었습니다.
mock 당첨 되었습니다.
mock 당첨 되었습니다.
mock 당첨 되었습니다.
꽝 입니다
mock 당첨 되었습니다.
꽝 입니다
꽝 입니다
mock 당첨 되었습니다.
mock 당첨 되었습니다.
mock 당첨 되었습니다.
mock 당첨 되었습니다.
mock 당첨 되었습니다.
mock 당첨 되었습니다.
mock 당첨 되었습니다.
mock 당첨 되었습니다.
mock 당첨 되었습니다.
mock 당첨 되었습니다.
mock 당첨 되었습니다.
mock 당첨 되었습니다.
mock 당첨 되었습니다.
mock 당첨 되었습니다.
mock 당첨 되었습니다.
mock 당첨 되었습니다.
mock 당첨 되었습니다.
mock 당첨 되었습니다.
mock 당첨 되었습니다.
꽝 입니다
mock 당첨 되었습니다.
mock 당첨 되었습니다.
mock 당첨 되었습니다.
mock 당첨 되었습니다.
mock 당첨 되었습니다.
mock 당첨 되었습니다.
mock 당첨 되었습니다.
mock 당첨 되었습니다.
mock 당첨 되었습니다.
mock 당첨 되었습니다.
꽝 입니다
mock 당첨 되었습니다.
꽝 입니다
mock 당첨 되었습니다.
꽝 입니다
mock 당첨 되었습니다.
Gold 당첨 되었습니다.
mock 당첨 되었습니다.
B등급 상품은 최대 3번까지만 당첨 될수 있습니다.
 100원을 환불해 드립니다.
100 원이 충전 되었습니다.
mock 당첨 되었습니다.
mock 당첨 되었습니다.
mock 당첨 되었습니다.
mock 당첨 되었습니다.
mock 당첨 되었습니다.
mock 당첨 되었습니다.
mock 당첨 되었습니다.
mock 당첨 되었습니다.
mock 당첨 되었습니다.
B등급 상품은 최대 3번까지만 당첨 될수 있습니다.
 100원을 환불해 드립니다.
100 원이 충전 되었습니다.
B등급 상품은 최대 3번까지만 당첨 될수 있습니다.
 100원을 환불해 드립니다.
100 원이 충전 되었습니다.
mock 당첨 되었습니다.
mock 당첨 되었습니다.
mock 당첨 되었습니다.
mock 당첨 되었습니다.
B등급 상품은 최대 3번까지만 당첨 될수 있습니다.
 100원을 환불해 드립니다.
100 원이 충전 되었습니다.
mock 당첨 되었습니다.
mock 당첨 되었습니다.
mock 당첨 되었습니다.
mock 당첨 되었습니다.
mock 당첨 되었습니다.
B등급 상품은 최대 3번까지만 당첨 될수 있습니다.
 100원을 환불해 드립니다.
100 원이 충전 되었습니다.
mock 당첨 되었습니다.
mock 당첨 되었습니다.
mock 당첨 되었습니다.
mock 당첨 되었습니다.
mock 당첨 되었습니다.
mock 당첨 되었습니다.
mock 당첨 되었습니다.
mock 당첨 되었습니다.
mock 당첨 되었습니다.
mock 당첨 되었습니다.
mock 당첨 되었습니다.
mock 당첨 되었습니다.
mock 당첨 되었습니다.
B등급 상품은 최대 3번까지만 당첨 될수 있습니다.
 100원을 환불해 드립니다.
100 원이 충전 되었습니다.
B등급 상품은 최대 3번까지만 당첨 될수 있습니다.
 100원을 환불해 드립니다.
100 원이 충전 되었습니다.
mock 당첨 되었습니다.
mock 당첨 되었습니다.
mock 당첨 되었습니다.
mock 당첨 되었습니다.
mock 당첨 되었습니다.
B등급 상품은 최대 3번까지만 당첨 될수 있습니다.
 100원을 환불해 드립니다.
100 원이 충전 되었습니다.
mock 당첨 되었습니다.
mock 당첨 되었습니다.
mock 당첨 되었습니다.
mock 당첨 되었습니다.
B등급 상품은 최대 3번까지만 당첨 될수 있습니다.
 100원을 환불해 드립니다.
100 원이 충전 되었습니다.
mock 당첨 되었습니다.
mock 당첨 되었습니다.
mock 당첨 되었습니다.
mock 당첨 되었습니다.
mock 당첨 되었습니다.
mock 당첨 되었습니다.
B등급 상품은 최대 3번까지만 당첨 될수 있습니다.
 100원을 환불해 드립니다.
100 원이 충전 되었습니다.
mock 당첨 되었습니다.
mock 당첨 되었습니다.
mock 당첨 되었습니다.
mock 당첨 되었습니다.
mock 당첨 되었습니다.
mock 당첨 되었습니다.
mock 당첨 되었습니다.
mock 당첨 되었습니다.
mock 당첨 되었습니다.
mock 당첨 되었습니다.
mock 당첨 되었습니다.
B등급 상품은 최대 3번까지만 당첨 될수 있습니다.
 100원을 환불해 드립니다.
100 원이 충전 되었습니다.
mock 당첨 되었습니다.
mock 당첨 되었습니다.
mock 당첨 되었습니다.
mock 당첨 되었습니다.
mock 당첨 되었습니다.
mock 당첨 되었습니다.
mock 당첨 되었습니다.
mock 당첨 되었습니다.
mock 당첨 되었습니다.
mock 당첨 되었습니다.
mock 당첨 되었습니다.
mock 당첨 되었습니다.
mock 당첨 되었습니다.
mock 당첨 되었습니다.
mock 당첨 되었습니다.
mock 당첨 되었습니다.
mock 당첨 되었습니다.
mock 당첨 되었습니다.
mock 당첨 되었습니다.
mock 당첨 되었습니다.
mock 당첨 되었습니다.
mock 당첨 되었습니다.
mock 당첨 되었습니다.
mock 당첨 되었습니다.
mock 당첨 되었습니다.
mock 당첨 되었습니다.
mock 당첨 되었습니다.
mock 당첨 되었습니다.
mock 당첨 되었습니다.
B등급 상품은 최대 3번까지만 당첨 될수 있습니다.
 100원을 환불해 드립니다.
100 원이 충전 되었습니다.
mock 당첨 되었습니다.
mock 당첨 되었습니다.
mock 당첨 되었습니다.
mock 당첨 되었습니다.
B등급 상품은 최대 3번까지만 당첨 될수 있습니다.
 100원을 환불해 드립니다.
100 원이 충전 되었습니다.
B등급 상품은 최대 3번까지만 당첨 될수 있습니다.
 100원을 환불해 드립니다.
100 원이 충전 되었습니다.
mock 당첨 되었습니다.
mock 당첨 되었습니다.
mock 당첨 되었습니다.
B등급 상품은 최대 3번까지만 당첨 될수 있습니다.
 100원을 환불해 드립니다.
100 원이 충전 되었습니다.
mock 당첨 되었습니다.
mock 당첨 되었습니다.
mock 당첨 되었습니다.
mock 당첨 되었습니다.
mock 당첨 되었습니다.
mock 당첨 되었습니다.
mock 당첨 되었습니다.
mock 당첨 되었습니다.
mock 당첨 되었습니다.
mock 당첨 되었습니다.
mock 당첨 되었습니다.
mock 당첨 되었습니다.
mock 당첨 되었습니다.
mock 당첨 되었습니다.
mock 당첨 되었습니다.
mock 당첨 되었습니다.
mock 당첨 되었습니다.
mock 당첨 되었습니다.
mock 당첨 되었습니다.
mock 당첨 되었습니다.
mock 당첨 되었습니다.
mock 당첨 되었습니다.
mock 당첨 되었습니다.
mock 당첨 되었습니다.
mock 당첨 되었습니다.
mock 당첨 되었습니다.
mock 당첨 되었습니다.
mock 당첨 되었습니다.
mock 당첨 되었습니다.
B등급 상품은 최대 3번까지만 당첨 될수 있습니다.
 100원을 환불해 드립니다.
100 원이 충전 되었습니다.
B등급 상품은 최대 3번까지만 당첨 될수 있습니다.
 100원을 환불해 드립니다.
100 원이 충전 되었습니다.
mock 당첨 되었습니다.
mock 당첨 되었습니다.
mock 당첨 되었습니다.
mock 당첨 되었습니다.
mock 당첨 되었습니다.
mock 당첨 되었습니다.
mock 당첨 되었습니다.
mock 당첨 되었습니다.
mock 당첨 되었습니다.
B등급 상품은 최대 3번까지만 당첨 될수 있습니다.
 100원을 환불해 드립니다.
100 원이 충전 되었습니다.
mock 당첨 되었습니다.
mock 당첨 되었습니다.
mock 당첨 되었습니다.
mock 당첨 되었습니다.
mock 당첨 되었습니다.
B등급 상품은 최대 3번까지만 당첨 될수 있습니다.
 100원을 환불해 드립니다.
100 원이 충전 되었습니다.
mock 당첨 되었습니다.
mock 당첨 되었습니다.
mock 당첨 되었습니다.
mock 당첨 되었습니다.
mock 당첨 되었습니다.
mock 당첨 되었습니다.
mock 당첨 되었습니다.
mock 당첨 되었습니다.
mock 당첨 되었습니다.
B등급 상품은 최대 3번까지만 당첨 될수 있습니다.
 100원을 환불해 드립니다.
100 원이 충전 되었습니다.
mock 당첨 되었습니다.
mock 당첨 되었습니다.
mock 당첨 되었습니다.
mock 당첨 되었습니다.
mock 당첨 되었습니다.
mock 당첨 되었습니다.
mock 당첨 되었습니다.
mock 당첨 되었습니다.
mock 당첨 되었습니다.
mock 당첨 되었습니다.
mock 당첨 되었습니다.
mock 당첨 되었습니다.
mock 당첨 되었습니다.
mock 당첨 되었습니다.
mock 당첨 되었습니다.
mock 당첨 되었습니다.
mock 당첨 되었습니다.
mock 당첨 되었습니다.
B등급 상품은 최대 3번까지만 당첨 될수 있습니다.
 100원을 환불해 드립니다.
100 원이 충전 되었습니다.
mock 당첨 되었습니다.
mock 당첨 되었습니다.
mock 당첨 되었습니다.
mock 당첨 되었습니다.
mock 당첨 되었습니다.
mock 당첨 되었습니다.
mock 당첨 되었습니다.
mock 당첨 되었습니다.
mock 당첨 되었습니다.
mock 당첨 되었습니다.
mock 당첨 되었습니다.
mock 당첨 되었습니다.
mock 당첨 되었습니다.
mock 당첨 되었습니다.
mock 당첨 되었습니다.
mock 당첨 되었습니다.
B등급 상품은 최대 3번까지만 당첨 될수 있습니다.
 100원을 환불해 드립니다.
100 원이 충전 되었습니다.
mock 당첨 되었습니다.
mock 당첨 되었습니다.
mock 당첨 되었습니다.
mock 당첨 되었습니다.
mock 당첨 되었습니다.
mock 당첨 되었습니다.
mock 당첨 되었습니다.
mock 당첨 되었습니다.
B등급 상품은 최대 3번까지만 당첨 될수 있습니다.
 100원을 환불해 드립니다.
100 원이 충전 되었습니다.
mock 당첨 되었습니다.
mock 당첨 되었습니다.
mock 당첨 되었습니다.
mock 당첨 되었습니다.
B등급 상품은 최대 3번까지만 당첨 될수 있습니다.
 100원을 환불해 드립니다.
100 원이 충전 되었습니다.
mock 당첨 되었습니다.
mock 당첨 되었습니다.
mock 당첨 되었습니다.
mock 당첨 되었습니다.
mock 당첨 되었습니다.
mock 당첨 되었습니다.
mock 당첨 되었습니다.
mock 당첨 되었습니다.
mock 당첨 되었습니다.
mock 당첨 되었습니다.
mock 당첨 되었습니다.
B등급 상품은 최대 3번까지만 당첨 될수 있습니다.
 100원을 환불해 드립니다.
100 원이 충전 되었습니다.
mock 당첨 되었습니다.
mock 당첨 되었습니다.
mock 당첨 되었습니다.
mock 당첨 되었습니다.
mock 당첨 되었습니다.
mock 당첨 되었습니다.
mock 당첨 되었습니다.
B등급 상품은 최대 3번까지만 당첨 될수 있습니다.
 100원을 환불해 드립니다.
100 원이 충전 되었습니다.
mock 당첨 되었습니다.
mock 당첨 되었습니다.
mock 당첨 되었습니다.
mock 당첨 되었습니다.
B등급 상품은 최대 3번까지만 당첨 될수 있습니다.
 100원을 환불해 드립니다.
100 원이 충전 되었습니다.
mock 당첨 되었습니다.
mock 당첨 되었습니다.
mock 당첨 되었습니다.
mock 당첨 되었습니다.
B등급 상품은 최대 3번까지만 당첨 될수 있습니다.
 100원을 환불해 드립니다.
100 원이 충전 되었습니다.
mock 당첨 되었습니다.
mock 당첨 되었습니다.
mock 당첨 되었습니다.
mock 당첨 되었습니다.
mock 당첨 되었습니다.
mock 당첨 되었습니다.
mock 당첨 되었습니다.
mock 당첨 되었습니다.
mock 당첨 되었습니다.
mock 당첨 되었습니다.
mock 당첨 되었습니다.
mock 당첨 되었습니다.
mock 당첨 되었습니다.
mock 당첨 되었습니다.
mock 당첨 되었습니다.
mock 당첨 되었습니다.
mock 당첨 되었습니다.
mock 당첨 되었습니다.
mock 당첨 되었습니다.
mock 당첨 되었습니다.
mock 당첨 되었습니다.
mock 당첨 되었습니다.
mock 당첨 되었습니다.
mock 당첨 되었습니다.
mock 당첨 되었습니다.
mock 당첨 되었습니다.
mock 당첨 되었습니다.
mock 당첨 되었습니다.
mock 당첨 되었습니다.
B등급 상품은 최대 3번까지만 당첨 될수 있습니다.
 100원을 환불해 드립니다.
100 원이 충전 되었습니다.
mock 당첨 되었습니다.
mock 당첨 되었습니다.
mock 당첨 되었습니다.
mock 당첨 되었습니다.
mock 당첨 되었습니다.
mock 당첨 되었습니다.
mock 당첨 되었습니다.
mock 당첨 되었습니다.
B등급 상품은 최대 3번까지만 당첨 될수 있습니다.
 100원을 환불해 드립니다.
100 원이 충전 되었습니다.
mock 당첨 되었습니다.
B등급 상품은 최대 3번까지만 당첨 될수 있습니다.
 100원을 환불해 드립니다.
100 원이 충전 되었습니다.
mock 당첨 되었습니다.
B등급 상품은 최대 3번까지만 당첨 될수 있습니다.
 100원을 환불해 드립니다.
100 원이 충전 되었습니다.
mock 당첨 되었습니다.
mock 당첨 되었습니다.
mock 당첨 되었습니다.
mock 당첨 되었습니다.
mock 당첨 되었습니다.
mock 당첨 되었습니다.
mock 당첨 되었습니다.
B등급 상품은 최대 3번까지만 당첨 될수 있습니다.
 100원을 환불해 드립니다.
100 원이 충전 되었습니다.
mock 당첨 되었습니다.
mock 당첨 되었습니다.
mock 당첨 되었습니다.
mock 당첨 되었습니다.
mock 당첨 되었습니다.
mock 당첨 되었습니다.
mock 당첨 되었습니다.

현재 남은 잔액은 63300원 입니다
[------HELP------]
응모 : DRAW [시행횟수]
충전 : INSERT
종료 : EXIT
]]></system-out>
  </testcase>
  <testcase name="businessTeamTest08HappyCase" classname="project02.BusinessTeamTest" time="0.001"/>
  <testcase name="businessTeamTest07HappyCase" classname="project02.BusinessTeamTest" time="0.002">
    <system-out><![CDATA[[빠칭코 상풍등록 시스템]

[상품정보 형식 도움말]
상풍명, 등급(A 또는 B), 유통기한  | 예시 :  CHICKEN, A, 2024-03-23T02:20:19+09:00
END : 종료

상품정보를 입력해주세요
ERROR : 잘못된 등급이 입력되었습니다. A 또는 B 등금만 입력해주세요.
[상품정보 형식 도움말]
상풍명, 등급(A 또는 B), 유통기한  | 예시 :  CHICKEN, A, 2024-03-23T02:20:19+09:00
END : 종료

]]></system-out>
  </testcase>
  <testcase name="businessTeamTest06HappyCase" classname="project02.BusinessTeamTest" time="0.002">
    <system-out><![CDATA[[빠칭코 상품 뽑기 서비스]
명령어를 입력해주세요


현재 남은 잔액은 10000원 입니다
[------HELP------]
응모 : DRAW [시행횟수]
충전 : INSERT
종료 : EXIT
Chicken 당첨 되었습니다.
Cider 당첨 되었습니다.
cola 당첨 되었습니다.
유통기한이 지난 상품입니다 2023-03-21T01:00:32+09:00
 100원을 환불해 드립니다.
100 원이 충전 되었습니다.
유통기한이 지난 상품입니다 2023-03-21T01:00:32+09:00
 100원을 환불해 드립니다.
100 원이 충전 되었습니다.
재고가 부족합니다. 100원을 환불해 드립니다.
 100원을 환불해 드립니다.
100 원이 충전 되었습니다.
재고가 부족합니다. 100원을 환불해 드립니다.
 100원을 환불해 드립니다.
100 원이 충전 되었습니다.
재고가 부족합니다. 100원을 환불해 드립니다.
 100원을 환불해 드립니다.
100 원이 충전 되었습니다.
재고가 부족합니다. 100원을 환불해 드립니다.
 100원을 환불해 드립니다.
100 원이 충전 되었습니다.
재고가 부족합니다. 100원을 환불해 드립니다.
 100원을 환불해 드립니다.
100 원이 충전 되었습니다.

현재 남은 잔액은 9700원 입니다
[------HELP------]
응모 : DRAW [시행횟수]
충전 : INSERT
종료 : EXIT
]]></system-out>
  </testcase>
</testsuite>