<?xml version="1.0" encoding="UTF-8"?>
<testsuite xmlns:xsi="http://www.w3.org/2001/XMLSchema-instance" xsi:noNamespaceSchemaLocation="https://maven.apache.org/surefire/maven-surefire-plugin/xsd/surefire-test-report-3.0.xsd" version="3.0" name="project01.BusinessTeamTest" time="0.075" tests="9" errors="0" skipped="0" failures="0">
  <properties>
    <property name="java.specification.version" value="20"/>
    <property name="sun.jnu.encoding" value="UTF-8"/>
    <property name="java.class.path" value="/Users/samin/sharetreatsPreProject/project01/target/test-classes:/Users/samin/sharetreatsPreProject/project01/target/classes:/Users/samin/.m2/repository/org/junit/jupiter/junit-jupiter-api/5.9.3/junit-jupiter-api-5.9.3.jar:/Users/samin/.m2/repository/org/opentest4j/opentest4j/1.2.0/opentest4j-1.2.0.jar:/Users/samin/.m2/repository/org/junit/platform/junit-platform-commons/1.9.3/junit-platform-commons-1.9.3.jar:/Users/samin/.m2/repository/org/apiguardian/apiguardian-api/1.1.2/apiguardian-api-1.1.2.jar:/Users/samin/.m2/repository/org/junit/jupiter/junit-jupiter-engine/5.9.3/junit-jupiter-engine-5.9.3.jar:/Users/samin/.m2/repository/org/junit/platform/junit-platform-engine/1.9.3/junit-platform-engine-1.9.3.jar:"/>
    <property name="java.vm.vendor" value="Homebrew"/>
    <property name="sun.arch.data.model" value="64"/>
    <property name="java.vendor.url" value="https://github.com/Homebrew/homebrew-core/issues"/>
    <property name="os.name" value="Mac OS X"/>
    <property name="java.vm.specification.version" value="20"/>
    <property name="sun.java.launcher" value="SUN_STANDARD"/>
    <property name="user.country" value="KR"/>
    <property name="sun.boot.library.path" value="/usr/local/Cellar/openjdk/20.0.1/libexec/openjdk.jdk/Contents/Home/lib"/>
    <property name="sun.java.command" value="/Users/samin/sharetreatsPreProject/project01/target/surefire/surefirebooter-20230605040111926_3.jar /Users/samin/sharetreatsPreProject/project01/target/surefire 2023-06-05T04-01-11_841-jvmRun1 surefire-20230605040111926_1tmp surefire_0-20230605040111926_2tmp"/>
    <property name="http.nonProxyHosts" value="local|*.local|169.254/16|*.169.254/16"/>
    <property name="jdk.debug" value="release"/>
    <property name="surefire.test.class.path" value="/Users/samin/sharetreatsPreProject/project01/target/test-classes:/Users/samin/sharetreatsPreProject/project01/target/classes:/Users/samin/.m2/repository/org/junit/jupiter/junit-jupiter-api/5.9.3/junit-jupiter-api-5.9.3.jar:/Users/samin/.m2/repository/org/opentest4j/opentest4j/1.2.0/opentest4j-1.2.0.jar:/Users/samin/.m2/repository/org/junit/platform/junit-platform-commons/1.9.3/junit-platform-commons-1.9.3.jar:/Users/samin/.m2/repository/org/apiguardian/apiguardian-api/1.1.2/apiguardian-api-1.1.2.jar:/Users/samin/.m2/repository/org/junit/jupiter/junit-jupiter-engine/5.9.3/junit-jupiter-engine-5.9.3.jar:/Users/samin/.m2/repository/org/junit/platform/junit-platform-engine/1.9.3/junit-platform-engine-1.9.3.jar:"/>
    <property name="sun.cpu.endian" value="little"/>
    <property name="user.home" value="/Users/samin"/>
    <property name="user.language" value="ko"/>
    <property name="java.specification.vendor" value="Oracle Corporation"/>
    <property name="java.version.date" value="2023-04-18"/>
    <property name="java.home" value="/usr/local/Cellar/openjdk/20.0.1/libexec/openjdk.jdk/Contents/Home"/>
    <property name="file.separator" value="/"/>
    <property name="basedir" value="/Users/samin/sharetreatsPreProject/project01"/>
    <property name="java.vm.compressedOopsMode" value="Zero based"/>
    <property name="line.separator" value="&#10;"/>
    <property name="java.vm.specification.vendor" value="Oracle Corporation"/>
    <property name="java.specification.name" value="Java Platform API Specification"/>
    <property name="apple.awt.application.name" value="ForkedBooter"/>
    <property name="surefire.real.class.path" value="/Users/samin/sharetreatsPreProject/project01/target/surefire/surefirebooter-20230605040111926_3.jar"/>
    <property name="sun.management.compiler" value="HotSpot 64-Bit Tiered Compilers"/>
    <property name="ftp.nonProxyHosts" value="local|*.local|169.254/16|*.169.254/16"/>
    <property name="java.runtime.version" value="20.0.1"/>
    <property name="user.name" value="samin"/>
    <property name="stdout.encoding" value="UTF-8"/>
    <property name="path.separator" value=":"/>
    <property name="os.version" value="13.0.1"/>
    <property name="java.runtime.name" value="OpenJDK Runtime Environment"/>
    <property name="file.encoding" value="UTF-8"/>
    <property name="java.vm.name" value="OpenJDK 64-Bit Server VM"/>
    <property name="java.vendor.version" value="Homebrew"/>
    <property name="localRepository" value="/Users/samin/.m2/repository"/>
    <property name="java.vendor.url.bug" value="https://github.com/Homebrew/homebrew-core/issues"/>
    <property name="java.io.tmpdir" value="/var/folders/ft/dbb7qmn107d5cf7hq4m8shzh0000gn/T/"/>
    <property name="java.version" value="20.0.1"/>
    <property name="user.dir" value="/Users/samin/sharetreatsPreProject/project01"/>
    <property name="os.arch" value="x86_64"/>
    <property name="java.vm.specification.name" value="Java Virtual Machine Specification"/>
    <property name="native.encoding" value="UTF-8"/>
    <property name="java.library.path" value="/Users/samin/Library/Java/Extensions:/Library/Java/Extensions:/Network/Library/Java/Extensions:/System/Library/Java/Extensions:/usr/lib/java:."/>
    <property name="java.vm.info" value="mixed mode, sharing"/>
    <property name="stderr.encoding" value="UTF-8"/>
    <property name="java.vendor" value="Homebrew"/>
    <property name="java.vm.version" value="20.0.1"/>
    <property name="sun.io.unicode.encoding" value="UnicodeBig"/>
    <property name="socksNonProxyHosts" value="local|*.local|169.254/16|*.169.254/16"/>
    <property name="java.class.version" value="64.0"/>
  </properties>
  <testcase name="businessTeamTest01" classname="project01.BusinessTeamTest" time="0.034">
    <system-out><![CDATA[안녕하세요. 쉐어트리츠 상품교환 서비스 입니다
[------HELP------]
쿠폰확인 : CHECK [상품코드]
도움말 : HELP [상품코드]
쿠폰사용 : CLAIM [상점코드] [상품코드]
종료 : EXIT

현재 남은 상품코드는 10개 입니다
[------CLAIM------]
ERROR : 정확한 상점코드를 입력해주세요
현재 남은 상품코드는 10개 입니다
[------CLAIM------]
ERROR : 정확한 상점코드를 입력해주세요
현재 남은 상품코드는 10개 입니다
]]></system-out>
  </testcase>
  <testcase name="businessTeamTest02" classname="project01.BusinessTeamTest" time="0.001">
    <system-out><![CDATA[안녕하세요. 쉐어트리츠 상품교환 서비스 입니다
[------HELP------]
쿠폰확인 : CHECK [상품코드]
도움말 : HELP [상품코드]
쿠폰사용 : CLAIM [상점코드] [상품코드]
종료 : EXIT

현재 남은 상품코드는 10개 입니다
]]></system-out>
  </testcase>
  <testcase name="businessTeamTest03" classname="project01.BusinessTeamTest" time="0.002">
    <system-out><![CDATA[관리자용 상품코드 입력 프로그램입니다
9개의 숫자로 이루어진 상품코드를 입력해 주세요
모든 입력이 완료되면 EXIT를 입력해 주세요
ERROR : 상품 코드는 0~9 자연수 글자로 이루어져 있으며 9문자로 이루어져야 합니다.
ERROR : 상품 코드는 0~9 자연수 글자로 이루어져 있으며 9문자로 이루어져야 합니다.
입력종료
]]></system-out>
  </testcase>
  <testcase name="businessTeamTest04" classname="project01.BusinessTeamTest" time="0.008">
    <system-out><![CDATA[안녕하세요. 쉐어트리츠 상품교환 서비스 입니다
[------HELP------]
쿠폰확인 : CHECK [상품코드]
도움말 : HELP [상품코드]
쿠폰사용 : CLAIM [상점코드] [상품코드]
종료 : EXIT

현재 남은 상품코드는 10개 입니다
[------CLAIM------]
222222222은 사용가능한 상품코드입니다
aStore 상점에서 222222222상품코드를 사용하였습니다.
현재 남은 상품코드는 9개 입니다
[------CLAIM------]
ERROR : 222222222는 존재하지 않는 상품코드입니다
현재 남은 상품코드는 9개 입니다
]]></system-out>
  </testcase>
  <testcase name="businessTeamTest05" classname="project01.BusinessTeamTest" time="0.002">
    <system-out><![CDATA[안녕하세요. 쉐어트리츠 상품교환 서비스 입니다
[------HELP------]
쿠폰확인 : CHECK [상품코드]
도움말 : HELP [상품코드]
쿠폰사용 : CLAIM [상점코드] [상품코드]
종료 : EXIT

현재 남은 상품코드는 10개 입니다
[------CHECK------]
333333333은 사용가능한 상품코드입니다
현재 남은 상품코드는 10개 입니다
[------CLAIM------]
333333333은 사용가능한 상품코드입니다
aStore 상점에서 333333333상품코드를 사용하였습니다.
현재 남은 상품코드는 9개 입니다
[------CHECK------]
ERROR : 333333333는 존재하지 않는 상품코드입니다
현재 남은 상품코드는 9개 입니다
]]></system-out>
  </testcase>
  <testcase name="businessTeamTest06" classname="project01.BusinessTeamTest" time="0.002">
    <system-out><![CDATA[안녕하세요. 쉐어트리츠 상품교환 서비스 입니다
[------HELP------]
쿠폰확인 : CHECK [상품코드]
도움말 : HELP [상품코드]
쿠폰사용 : CLAIM [상점코드] [상품코드]
종료 : EXIT

현재 남은 상품코드는 10개 입니다
[------CHECK------]
333333333은 사용가능한 상품코드입니다
현재 남은 상품코드는 10개 입니다
[------CLAIM------]
333333333은 사용가능한 상품코드입니다
aStore 상점에서 333333333상품코드를 사용하였습니다.
현재 남은 상품코드는 9개 입니다
]]></system-out>
  </testcase>
  <testcase name="businessTeamTest07" classname="project01.BusinessTeamTest" time="0.002">
    <system-out><![CDATA[안녕하세요. 쉐어트리츠 상품교환 서비스 입니다
[------HELP------]
쿠폰확인 : CHECK [상품코드]
도움말 : HELP [상품코드]
쿠폰사용 : CLAIM [상점코드] [상품코드]
종료 : EXIT

현재 남은 상품코드는 10개 입니다
[------CHECK------]
ERROR : 123123123는 존재하지 않는 상품코드입니다
현재 남은 상품코드는 10개 입니다
[------CLAIM------]
ERROR : 123123123는 존재하지 않는 상품코드입니다
현재 남은 상품코드는 10개 입니다
]]></system-out>
  </testcase>
  <testcase name="businessTeamTest08" classname="project01.BusinessTeamTest" time="0.001">
    <system-out><![CDATA[안녕하세요. 쉐어트리츠 상품교환 서비스 입니다
[------HELP------]
쿠폰확인 : CHECK [상품코드]
도움말 : HELP [상품코드]
쿠폰사용 : CLAIM [상점코드] [상품코드]
종료 : EXIT

현재 남은 상품코드는 10개 입니다
[------CLAIM------]
ERROR : 정확한 상점코드를 입력해주세요
현재 남은 상품코드는 10개 입니다
]]></system-out>
  </testcase>
  <testcase name="businessTeamTest09" classname="project01.BusinessTeamTest" time="0.001">
    <system-out><![CDATA[안녕하세요. 쉐어트리츠 상품교환 서비스 입니다
[------HELP------]
쿠폰확인 : CHECK [상품코드]
도움말 : HELP [상품코드]
쿠폰사용 : CLAIM [상점코드] [상품코드]
종료 : EXIT

현재 남은 상품코드는 10개 입니다
ERROR : 문자와 숫자 공백만 입력해 주세요
현재 남은 상품코드는 10개 입니다
[------CLAIM------]
ERROR : 정확한 상점코드를 입력해주세요
현재 남은 상품코드는 10개 입니다
]]></system-out>
  </testcase>
</testsuite>